[2023-04-26T17:39:02.264] [INFO] info - ***数据库连接成功***
[2023-04-26T17:42:34.265] [INFO] info - ***数据库连接成功***
[2023-04-26T17:42:36.834] [INFO] info - ***数据库连接成功***
[2023-04-26T17:42:43.356] [INFO] info - ***数据库连接成功***
[2023-04-26T17:43:35.500] [INFO] info - ***数据库连接成功***
[2023-04-26T17:44:02.373] [INFO] info - ***数据库连接成功***
[2023-04-26T17:44:04.439] [INFO] info - ***数据库连接成功***
[2023-04-26T17:44:06.818] [INFO] info - ***数据库连接成功***
[2023-04-26T17:44:13.687] [INFO] info - ***数据库连接成功***
[2023-04-26T17:44:15.379] [INFO] info - ***数据库连接成功***
[2023-04-26T17:44:17.107] [INFO] info - ***数据库连接成功***
[2023-04-26T17:50:05.839] [INFO] info - ***数据库连接成功***
[2023-04-26T17:50:08.771] [INFO] info - ***数据库连接成功***
[2023-04-26T17:50:12.886] [INFO] info - ***数据库连接成功***
[2023-04-26T17:50:16.339] [INFO] info - ***数据库连接成功***
[2023-04-26T17:50:20.286] [INFO] info - ***数据库连接成功***
[2023-04-26T17:50:21.743] [INFO] info - ***数据库连接成功***
[2023-04-26T17:50:25.450] [INFO] info - ***数据库连接成功***
[2023-04-26T17:50:27.669] [INFO] info - ***数据库连接成功***
[2023-04-26T17:50:29.425] [INFO] info - ***数据库连接成功***
[2023-04-26T17:50:32.673] [INFO] info - ***数据库连接成功***
[2023-04-26T17:50:37.328] [INFO] info - ***数据库连接成功***
[2023-04-26T17:50:40.999] [INFO] info - ***数据库连接成功***
[2023-04-26T17:50:43.875] [INFO] info - ***数据库连接成功***
[2023-04-26T17:50:45.859] [INFO] info - ***数据库连接成功***
[2023-04-26T17:50:53.528] [INFO] info - ***数据库连接成功***
[2023-04-26T17:51:04.794] [INFO] info - ***数据库连接成功***
[2023-04-26T17:51:08.527] [INFO] info - ***数据库连接成功***
[2023-04-26T17:51:11.663] [INFO] info - ***数据库连接成功***
[2023-04-26T17:51:14.175] [INFO] info - ***数据库连接成功***
[2023-04-26T17:51:17.247] [INFO] info - ***数据库连接成功***
[2023-04-26T17:52:08.561] [INFO] info - ***数据库连接成功***
[2023-04-26T17:52:12.440] [INFO] info - ***数据库连接成功***
[2023-04-26T17:52:14.643] [INFO] info - ***数据库连接成功***
[2023-04-26T17:52:16.380] [INFO] info - ***数据库连接成功***
[2023-04-26T17:53:25.747] [INFO] info - ***数据库连接成功***
[2023-04-26T17:53:32.010] [INFO] info - ***数据库连接成功***
[2023-04-26T17:53:43.618] [INFO] info - ***数据库连接成功***
[2023-04-26T17:53:57.802] [INFO] info - ***数据库连接成功***
[2023-04-26T17:54:01.626] [INFO] info - ***数据库连接成功***
[2023-04-26T17:54:11.489] [INFO] info - ***数据库连接成功***
[2023-04-26T17:54:23.524] [INFO] info - ***数据库连接成功***
[2023-04-26T17:54:29.170] [INFO] info - ***数据库连接成功***
[2023-04-26T17:54:32.985] [INFO] info - ***数据库连接成功***
[2023-04-26T17:54:36.625] [INFO] info - ***数据库连接成功***
[2023-04-26T17:54:45.119] [INFO] info - ***数据库连接成功***
[2023-04-26T17:55:35.081] [INFO] info - ***数据库连接成功***
[2023-04-26T17:55:37.097] [INFO] info - ***数据库连接成功***
[2023-04-26T17:55:42.206] [INFO] info - ***数据库连接成功***
[2023-04-26T17:55:57.070] [INFO] info - ***数据库连接成功***
[2023-04-26T17:55:59.525] [INFO] info - ***数据库连接成功***
[2023-04-26T17:56:03.954] [INFO] info - ***数据库连接成功***
[2023-04-26T17:56:06.712] [INFO] info - ***数据库连接成功***
[2023-04-26T17:56:15.797] [INFO] info - ***数据库连接成功***
[2023-04-26T17:56:19.426] [INFO] info - ***数据库连接成功***
[2023-04-26T17:56:25.671] [INFO] info - ***数据库连接成功***
[2023-04-26T17:56:29.136] [INFO] info - ***数据库连接成功***
[2023-04-26T17:56:31.204] [INFO] info - ***数据库连接成功***
[2023-04-26T17:56:40.327] [INFO] info - ***数据库连接成功***
[2023-04-26T17:56:43.288] [INFO] info - ***数据库连接成功***
[2023-04-26T17:56:54.469] [INFO] info - ***数据库连接成功***
[2023-04-26T17:57:04.995] [INFO] info - ***数据库连接成功***
[2023-04-26T17:57:09.705] [INFO] info - ***数据库连接成功***
[2023-04-26T17:57:12.058] [INFO] info - ***数据库连接成功***
[2023-04-26T17:57:15.652] [INFO] info - ***数据库连接成功***
[2023-04-26T17:57:18.134] [INFO] info - ***数据库连接成功***
[2023-04-26T17:57:22.052] [INFO] info - ***数据库连接成功***
[2023-04-26T17:57:26.863] [INFO] info - ***数据库连接成功***
[2023-04-26T17:57:31.765] [INFO] info - ***数据库连接成功***
[2023-04-26T17:57:37.397] [INFO] info - ***数据库连接成功***
[2023-04-26T17:57:42.986] [INFO] info - ***数据库连接成功***
[2023-04-26T17:57:52.715] [INFO] info - ***数据库连接成功***
[2023-04-26T17:57:55.185] [INFO] info - ***数据库连接成功***
[2023-04-26T17:57:57.561] [INFO] info - ***数据库连接成功***
[2023-04-26T17:58:25.828] [INFO] info - ***数据库连接成功***
[2023-04-26T17:58:29.282] [INFO] info - ***数据库连接成功***
[2023-04-26T17:58:44.756] [INFO] info - ***数据库连接成功***
[2023-04-26T18:02:26.257] [INFO] info - ***数据库连接成功***
[2023-04-26T18:02:37.306] [INFO] info - ***数据库连接成功***
[2023-04-26T18:02:48.659] [INFO] info - ***数据库连接成功***
[2023-04-26T18:02:52.047] [INFO] info - ***数据库连接成功***
[2023-04-26T18:03:40.394] [INFO] info - ***数据库连接成功***
[2023-04-26T18:03:45.833] [INFO] info - ***数据库连接成功***
[2023-04-26T18:03:49.200] [INFO] info - ***数据库连接成功***
[2023-04-26T18:03:53.419] [INFO] info - ***数据库连接成功***
[2023-04-26T18:03:58.298] [INFO] info - ***数据库连接成功***
[2023-04-26T18:04:07.775] [INFO] info - ***数据库连接成功***
[2023-04-26T18:04:25.099] [INFO] info - ***数据库连接成功***
[2023-04-26T18:04:32.611] [INFO] info - ***数据库连接成功***
[2023-04-26T18:04:38.743] [INFO] info - ***数据库连接成功***
[2023-04-26T18:04:45.283] [INFO] info - ***数据库连接成功***
[2023-04-26T18:09:47.605] [INFO] info - ***数据库连接成功***
[2023-04-26T18:12:08.705] [INFO] info - ***数据库连接成功***
[2023-04-26T18:12:48.196] [INFO] info - ***数据库连接成功***
[2023-04-26T18:16:03.905] [INFO] info - ***数据库连接成功***
[2023-04-26T18:16:06.969] [INFO] info - ***数据库连接成功***
[2023-04-26T18:16:14.070] [INFO] info - ***数据库连接成功***
[2023-04-26T18:16:16.135] [INFO] info - ***数据库连接成功***
[2023-04-26T18:16:17.883] [INFO] info - ***数据库连接成功***
[2023-04-26T18:16:27.934] [INFO] info - ***数据库连接成功***
[2023-04-26T18:16:33.819] [INFO] info - ***数据库连接成功***
[2023-04-26T18:25:02.223] [INFO] info - ***数据库连接成功***
[2023-04-26T18:25:57.497] [INFO] info - ***数据库连接成功***
[2023-04-26T18:26:29.688] [INFO] info - ***数据库连接成功***
[2023-04-26T18:26:34.269] [INFO] info - ***数据库连接成功***
[2023-04-26T18:28:11.535] [INFO] info - ***数据库连接成功***
[2023-04-26T18:29:22.603] [INFO] info - ***数据库连接成功***
[2023-04-26T18:44:01.566] [INFO] info - ***数据库连接成功***
[2023-04-26T18:51:45.045] [INFO] info - ***数据库连接成功***
[2023-04-26T18:52:07.491] [INFO] info - ***数据库连接成功***
[2023-04-26T19:01:28.676] [INFO] info - ***数据库连接成功***
[2023-04-26T19:02:37.227] [INFO] info - ***数据库连接成功***
[2023-04-26T19:05:39.975] [INFO] info - ***数据库连接成功***
[2023-04-26T19:05:42.524] [INFO] info - ***数据库连接成功***
[2023-04-26T19:05:48.022] [INFO] info - ***数据库连接成功***
[2023-04-26T19:06:15.829] [INFO] info - ***数据库连接成功***
[2023-04-26T19:06:35.269] [INFO] info - ***数据库连接成功***
[2023-04-29T11:01:17.680] [INFO] info - ***数据库连接成功***
[2023-04-29T11:03:25.195] [INFO] info - ***数据库连接成功***
[2023-04-29T11:10:01.956] [INFO] info - ***数据库连接成功***
[2023-04-29T11:10:05.071] [INFO] info - ***数据库连接成功***
[2023-04-29T11:10:10.835] [INFO] info - ***数据库连接成功***
[2023-04-29T17:38:44.251] [INFO] info - ***数据库连接成功***
[2023-04-29T17:38:50.515] [INFO] info - ***数据库连接成功***
[2023-04-29T17:38:55.058] [INFO] info - ***数据库连接成功***
[2023-04-29T17:38:57.417] [INFO] info - ***数据库连接成功***
[2023-04-29T17:40:57.840] [INFO] info - ***数据库连接成功***
[2023-04-29T17:41:39.423] [INFO] info - ***数据库连接成功***
[2023-04-29T17:42:24.252] [INFO] info - ***数据库连接成功***
[2023-04-29T17:42:27.399] [INFO] info - ***数据库连接成功***
[2023-04-29T17:49:27.769] [INFO] info - ***数据库连接成功***
[2023-04-29T17:49:31.134] [INFO] info - ***数据库连接成功***
[2023-04-29T17:49:33.404] [INFO] info - ***数据库连接成功***
[2023-04-29T17:49:42.264] [INFO] info - ***数据库连接成功***
[2023-04-29T17:49:46.426] [INFO] info - ***数据库连接成功***
[2023-04-29T17:49:58.446] [INFO] info - ***数据库连接成功***
[2023-04-29T17:50:04.343] [INFO] info - ***数据库连接成功***
[2023-04-29T17:51:59.704] [INFO] info - ***数据库连接成功***
[2023-04-29T17:52:12.013] [INFO] info - ***数据库连接成功***
[2023-04-29T17:52:14.523] [INFO] info - ***数据库连接成功***
[2023-04-29T17:52:16.106] [INFO] info - ***数据库连接成功***
[2023-04-29T17:52:19.574] [INFO] info - ***数据库连接成功***
[2023-04-29T17:52:25.244] [INFO] info - ***数据库连接成功***
[2023-04-29T17:52:29.991] [INFO] info - ***数据库连接成功***
[2023-04-29T17:52:31.896] [INFO] info - ***数据库连接成功***
[2023-04-29T17:52:41.208] [INFO] info - ***数据库连接成功***
[2023-04-29T17:53:10.194] [INFO] info - ***数据库连接成功***
[2023-04-29T17:53:12.900] [INFO] info - ***数据库连接成功***
[2023-04-29T17:53:15.589] [INFO] info - ***数据库连接成功***
[2023-04-29T17:53:21.537] [INFO] info - ***数据库连接成功***
[2023-04-29T17:54:17.804] [INFO] info - ***数据库连接成功***
[2023-04-29T17:54:25.071] [INFO] info - ***数据库连接成功***
[2023-04-29T17:54:37.146] [INFO] info - ***数据库连接成功***
[2023-04-29T17:56:31.069] [INFO] info - ***数据库连接成功***
[2023-04-29T17:57:03.756] [INFO] info - ***数据库连接成功***
[2023-04-29T17:57:08.237] [INFO] info - ***数据库连接成功***
[2023-04-29T17:57:16.436] [INFO] info - ***数据库连接成功***
[2023-04-29T17:57:19.553] [INFO] info - ***数据库连接成功***
[2023-04-29T17:57:26.023] [INFO] info - ***数据库连接成功***
[2023-04-29T17:57:28.397] [INFO] info - ***数据库连接成功***
[2023-04-29T17:57:37.274] [INFO] info - ***数据库连接成功***
[2023-04-29T17:57:39.650] [INFO] info - ***数据库连接成功***
[2023-04-29T17:57:45.205] [INFO] info - ***数据库连接成功***
[2023-04-29T17:57:48.419] [INFO] info - ***数据库连接成功***
[2023-04-29T17:57:58.912] [INFO] info - ***数据库连接成功***
[2023-04-29T17:58:02.564] [INFO] info - ***数据库连接成功***
[2023-04-29T17:58:08.082] [INFO] info - ***数据库连接成功***
[2023-04-29T17:58:29.366] [INFO] info - ***数据库连接成功***
[2023-04-29T17:59:23.558] [INFO] info - ***数据库连接成功***
[2023-04-29T18:02:13.285] [INFO] info - ***数据库连接成功***
[2023-04-29T18:15:24.906] [INFO] info - ***数据库连接成功***
[2023-04-29T18:15:33.906] [INFO] info - ***数据库连接成功***
[2023-04-29T18:15:51.960] [INFO] info - ***数据库连接成功***
[2023-04-29T18:15:54.452] [INFO] info - ***数据库连接成功***
[2023-04-29T18:15:59.257] [INFO] info - ***数据库连接成功***
[2023-04-29T18:16:09.640] [INFO] info - ***数据库连接成功***
[2023-04-29T18:16:11.735] [INFO] info - ***数据库连接成功***
[2023-04-29T18:16:22.603] [INFO] info - ***数据库连接成功***
[2023-04-29T18:16:48.429] [INFO] info - ***数据库连接成功***
[2023-04-29T18:16:51.068] [INFO] info - ***数据库连接成功***
[2023-04-29T18:16:54.326] [INFO] info - ***数据库连接成功***
[2023-04-29T18:17:09.071] [INFO] info - ***数据库连接成功***
[2023-04-29T18:17:15.099] [INFO] info - ***数据库连接成功***
[2023-04-29T18:17:18.451] [INFO] info - ***数据库连接成功***
[2023-04-29T18:17:23.302] [INFO] info - ***数据库连接成功***
[2023-04-29T18:17:25.465] [INFO] info - ***数据库连接成功***
[2023-04-29T18:17:27.466] [INFO] info - ***数据库连接成功***
[2023-04-29T18:17:31.996] [INFO] info - ***数据库连接成功***
[2023-04-29T18:17:39.760] [INFO] info - ***数据库连接成功***
[2023-04-29T18:17:41.735] [INFO] info - ***数据库连接成功***
[2023-04-29T18:17:44.230] [INFO] info - ***数据库连接成功***
[2023-04-29T18:17:46.323] [INFO] info - ***数据库连接成功***
[2023-04-29T18:17:54.283] [INFO] info - ***数据库连接成功***
[2023-04-29T18:18:43.322] [INFO] info - ***数据库连接成功***
[2023-04-29T18:18:46.344] [INFO] info - ***数据库连接成功***
[2023-04-29T18:18:51.881] [INFO] info - ***数据库连接成功***
[2023-04-29T18:19:03.587] [INFO] info - ***数据库连接成功***
[2023-04-29T18:22:20.844] [INFO] info - ***数据库连接成功***
[2023-04-29T18:22:27.535] [INFO] info - ***数据库连接成功***
[2023-04-29T18:22:51.027] [INFO] info - ***数据库连接成功***
[2023-04-29T18:23:13.160] [INFO] info - ***数据库连接成功***
[2023-04-29T18:23:34.234] [INFO] info - ***数据库连接成功***
[2023-04-29T18:23:39.819] [INFO] info - ***数据库连接成功***
[2023-04-29T18:23:51.005] [INFO] info - ***数据库连接成功***
[2023-04-29T18:24:09.361] [INFO] info - ***数据库连接成功***
[2023-04-29T18:24:16.068] [INFO] info - ***数据库连接成功***
[2023-04-29T18:24:53.627] [INFO] info - ***数据库连接成功***
[2023-04-29T18:24:56.920] [INFO] info - ***数据库连接成功***
[2023-04-29T18:26:50.907] [INFO] info - ***数据库连接成功***
[2023-04-29T18:26:53.150] [INFO] info - ***数据库连接成功***
[2023-04-29T18:26:57.219] [INFO] info - ***数据库连接成功***
[2023-04-29T18:27:07.678] [INFO] info - ***数据库连接成功***
[2023-04-29T18:27:12.043] [INFO] info - ***数据库连接成功***
[2023-04-29T18:27:17.174] [INFO] info - ***数据库连接成功***
[2023-04-29T18:27:23.438] [INFO] info - ***数据库连接成功***
[2023-04-29T18:27:27.455] [INFO] info - ***数据库连接成功***
[2023-04-29T18:27:31.318] [INFO] info - ***数据库连接成功***
[2023-04-29T18:27:38.054] [INFO] info - ***数据库连接成功***
[2023-04-29T18:27:40.615] [INFO] info - ***数据库连接成功***
[2023-04-29T18:27:42.683] [INFO] info - ***数据库连接成功***
[2023-04-29T18:27:46.324] [INFO] info - ***数据库连接成功***
[2023-04-29T18:27:53.448] [INFO] info - ***数据库连接成功***
[2023-04-29T18:27:55.139] [INFO] info - ***数据库连接成功***
[2023-04-29T18:27:59.325] [INFO] info - ***数据库连接成功***
[2023-04-29T18:28:04.471] [INFO] info - ***数据库连接成功***
[2023-04-29T18:28:07.323] [INFO] info - ***数据库连接成功***
[2023-04-29T18:28:18.082] [INFO] info - ***数据库连接成功***
[2023-04-29T18:28:20.521] [INFO] info - ***数据库连接成功***
[2023-04-29T18:28:30.048] [INFO] info - ***数据库连接成功***
[2023-04-29T18:31:25.398] [INFO] info - ***数据库连接成功***
[2023-04-29T18:32:08.877] [INFO] info - ***数据库连接成功***
[2023-04-29T18:35:08.853] [INFO] info - ***数据库连接成功***
[2023-04-29T18:35:11.569] [INFO] info - ***数据库连接成功***
[2023-04-29T18:35:13.828] [INFO] info - ***数据库连接成功***
[2023-04-29T18:42:53.745] [INFO] info - ***数据库连接成功***
[2023-04-29T18:43:11.648] [INFO] info - ***数据库连接成功***
[2023-04-29T18:43:59.362] [INFO] info - ***数据库连接成功***
[2023-04-29T18:44:09.361] [INFO] info - ***数据库连接成功***
[2023-04-29T18:44:12.373] [INFO] info - ***数据库连接成功***
[2023-04-29T18:44:15.473] [INFO] info - ***数据库连接成功***
[2023-04-29T18:44:34.195] [INFO] info - ***数据库连接成功***
[2023-04-29T18:44:49.336] [INFO] info - ***数据库连接成功***
[2023-04-29T18:45:11.157] [INFO] info - ***数据库连接成功***
[2023-04-29T18:46:01.927] [INFO] info - ***数据库连接成功***
[2023-04-29T18:46:04.637] [INFO] info - ***数据库连接成功***
[2023-04-29T18:46:08.429] [INFO] info - ***数据库连接成功***
[2023-04-29T18:47:42.140] [INFO] info - ***数据库连接成功***
[2023-04-29T18:50:32.296] [INFO] info - ***数据库连接成功***
[2023-04-29T18:52:16.377] [INFO] info - ***数据库连接成功***
[2023-04-29T18:52:22.542] [INFO] info - ***数据库连接成功***
[2023-04-29T18:52:45.724] [INFO] info - ***数据库连接成功***
[2023-04-29T18:53:11.667] [INFO] info - ***数据库连接成功***
[2023-04-29T18:53:15.580] [INFO] info - ***数据库连接成功***
[2023-04-29T18:53:17.704] [INFO] info - ***数据库连接成功***
[2023-04-29T18:58:20.468] [INFO] info - ***数据库连接成功***
[2023-04-29T18:58:22.975] [INFO] info - ***数据库连接成功***
[2023-04-29T18:59:25.185] [INFO] info - ***数据库连接成功***
[2023-04-29T18:59:45.647] [INFO] info - ***数据库连接成功***
[2023-04-29T18:59:48.947] [INFO] info - ***数据库连接成功***
[2023-04-29T19:00:06.061] [INFO] info - ***数据库连接成功***
[2023-04-29T19:00:18.749] [INFO] info - ***数据库连接成功***
[2023-04-29T19:00:47.320] [INFO] info - ***数据库连接成功***
[2023-04-29T19:00:55.283] [INFO] info - ***数据库连接成功***
[2023-04-29T19:05:04.164] [INFO] info - ***数据库连接成功***
[2023-04-29T19:05:29.938] [INFO] info - get params:{}
[2023-04-29T19:05:29.939] [INFO] info - post params:{"userName":"et","password":"admin"}
[2023-04-29T19:05:48.516] [INFO] info - get params:{}
[2023-04-29T19:05:48.516] [INFO] info - post params:{"userName":"et","password":"admin"}
[2023-04-29T19:06:27.302] [INFO] info - ***数据库连接成功***
[2023-04-29T19:06:30.943] [INFO] info - get params:{}
[2023-04-29T19:06:30.944] [INFO] info - post params:{"userName":"et","password":"admin"}
[2023-04-29T19:07:22.342] [INFO] info - ***数据库连接成功***
[2023-04-29T19:07:45.516] [INFO] info - ***数据库连接成功***
[2023-04-29T19:08:00.649] [INFO] info - ***数据库连接成功***
[2023-04-29T19:08:02.148] [INFO] info - get params:{}
[2023-04-29T19:08:02.149] [INFO] info - post params:{"userName":"et","password":"admin"}
[2023-04-29T19:08:09.635] [INFO] info - get params:{}
[2023-04-29T19:08:09.637] [INFO] info - post params:{"userName":"adminxgj","password":"admin"}
[2023-04-29T19:08:19.945] [INFO] info - get params:{}
[2023-04-29T19:08:19.946] [INFO] info - post params:{"userName":"adminxgj","password":"123456"}
[2023-04-29T19:08:20.509] [INFO] info - get params:{}
[2023-04-29T19:08:20.510] [INFO] info - post params:{}
[2023-04-29T19:08:26.478] [INFO] info - get params:{}
[2023-04-29T19:08:26.479] [INFO] info - post params:{"userName":"adminxgj","password":"admin"}
[2023-04-29T19:08:32.735] [INFO] info - get params:{}
[2023-04-29T19:08:32.735] [INFO] info - post params:{"userName":"adminxgj","password":"123456"}
[2023-04-29T19:08:33.226] [INFO] info - get params:{}
[2023-04-29T19:08:33.227] [INFO] info - post params:{}
[2023-04-29T19:09:00.237] [INFO] info - get params:{}
[2023-04-29T19:09:00.238] [INFO] info - post params:{"userName":"adminxgj","password":"123456"}
[2023-04-29T19:09:00.663] [INFO] info - get params:{}
[2023-04-29T19:09:00.663] [INFO] info - post params:{}
[2023-04-29T19:09:07.605] [INFO] info - get params:{}
[2023-04-29T19:09:07.606] [INFO] info - post params:{"userName":"adminxgj","password":"123456"}
[2023-04-29T19:09:08.134] [INFO] info - get params:{}
[2023-04-29T19:09:08.135] [INFO] info - post params:{}
[2023-04-29T19:09:17.885] [INFO] info - get params:{}
[2023-04-29T19:09:17.886] [INFO] info - post params:{"userName":"admin1","password":"123456"}
[2023-04-29T19:09:18.339] [INFO] info - get params:{}
[2023-04-29T19:09:18.340] [INFO] info - post params:{}
[2023-04-29T19:09:28.500] [INFO] info - ***数据库连接成功***
[2023-04-29T19:09:29.747] [INFO] info - get params:{}
[2023-04-29T19:09:29.748] [INFO] info - post params:{"userName":"adminxgj","password":"123456"}
[2023-04-29T19:09:30.214] [INFO] info - get params:{}
[2023-04-29T19:09:30.215] [INFO] info - post params:{}
[2023-04-29T19:10:30.189] [INFO] info - ***数据库连接成功***
[2023-04-29T19:10:38.545] [INFO] info - ***数据库连接成功***
[2023-04-29T19:10:43.634] [INFO] info - get params:{}
[2023-04-29T19:10:43.636] [INFO] info - post params:{"userName":"adminxgj","password":"123456"}
[2023-04-29T19:10:44.055] [INFO] info - get params:{}
[2023-04-29T19:10:44.056] [INFO] info - post params:{}
[2023-04-29T19:11:17.024] [INFO] info - ***数据库连接成功***
[2023-04-29T19:11:23.303] [INFO] info - get params:{}
[2023-04-29T19:11:23.304] [INFO] info - post params:{"userName":"adminxgj","password":"123456"}
[2023-04-29T19:11:23.836] [INFO] info - get params:{}
[2023-04-29T19:11:23.837] [INFO] info - post params:{}
